\BOOKMARK [0][-]{chapter.1}{\376\377\000H\000i\000e\000r\000a\000r\000c\000h\000i\000c\000a\000l\000\040\000I\000n\000d\000e\000x}{}% 1
\BOOKMARK [1][-]{section.1.1}{\376\377\000C\000l\000a\000s\000s\000\040\000H\000i\000e\000r\000a\000r\000c\000h\000y}{chapter.1}% 2
\BOOKMARK [0][-]{chapter.2}{\376\377\000C\000l\000a\000s\000s\000\040\000I\000n\000d\000e\000x}{}% 3
\BOOKMARK [1][-]{section.2.1}{\376\377\000C\000l\000a\000s\000s\000\040\000L\000i\000s\000t}{chapter.2}% 4
\BOOKMARK [0][-]{chapter.3}{\376\377\000F\000i\000l\000e\000\040\000I\000n\000d\000e\000x}{}% 5
\BOOKMARK [1][-]{section.3.1}{\376\377\000F\000i\000l\000e\000\040\000L\000i\000s\000t}{chapter.3}% 6
\BOOKMARK [0][-]{chapter.4}{\376\377\000C\000l\000a\000s\000s\000\040\000D\000o\000c\000u\000m\000e\000n\000t\000a\000t\000i\000o\000n}{}% 7
\BOOKMARK [1][-]{section.4.1}{\376\377\000s\000e\000q\000a\000n\000:\000:\000A\000d\000a\000p\000t\000e\000r\000S\000c\000o\000r\000i\000n\000g\000M\000a\000t\000r\000i\000x\000\040\000S\000t\000r\000u\000c\000t\000\040\000R\000e\000f\000e\000r\000e\000n\000c\000e}{chapter.4}% 8
\BOOKMARK [2][-]{subsection.4.1.1}{\376\377\000D\000e\000t\000a\000i\000l\000e\000d\000\040\000D\000e\000s\000c\000r\000i\000p\000t\000i\000o\000n}{section.4.1}% 9
\BOOKMARK [1][-]{section.4.2}{\376\377\000A\000d\000a\000p\000t\000e\000r\000T\000r\000i\000m\000m\000i\000n\000g\000P\000a\000r\000a\000m\000s\000\040\000S\000t\000r\000u\000c\000t\000\040\000R\000e\000f\000e\000r\000e\000n\000c\000e}{chapter.4}% 10
\BOOKMARK [2][-]{subsection.4.2.1}{\376\377\000D\000e\000t\000a\000i\000l\000e\000d\000\040\000D\000e\000s\000c\000r\000i\000p\000t\000i\000o\000n}{section.4.2}% 11
\BOOKMARK [2][-]{subsection.4.2.2}{\376\377\000M\000e\000m\000b\000e\000r\000\040\000D\000a\000t\000a\000\040\000D\000o\000c\000u\000m\000e\000n\000t\000a\000t\000i\000o\000n}{section.4.2}% 12
\BOOKMARK [3][-]{subsubsection.4.2.2.1}{\376\377\000a\000d\000a\000p\000t\000e\000r\0001}{subsection.4.2.2}% 13
\BOOKMARK [3][-]{subsubsection.4.2.2.2}{\376\377\000a\000d\000a\000p\000t\000e\000r\0002}{subsection.4.2.2}% 14
\BOOKMARK [3][-]{subsubsection.4.2.2.3}{\376\377\000m\000m\000o\000d\000e}{subsection.4.2.2}% 15
\BOOKMARK [3][-]{subsubsection.4.2.2.4}{\376\377\000m\000o\000d\000e}{subsection.4.2.2}% 16
\BOOKMARK [3][-]{subsubsection.4.2.2.5}{\376\377\000n\000o\000A\000d\000a\000p\000t\000e\000r}{subsection.4.2.2}% 17
\BOOKMARK [3][-]{subsubsection.4.2.2.6}{\376\377\000p\000a\000i\000r\000e\000d}{subsection.4.2.2}% 18
\BOOKMARK [3][-]{subsubsection.4.2.2.7}{\376\377\000r\000u\000n}{subsection.4.2.2}% 19
\BOOKMARK [3][-]{subsubsection.4.2.2.8}{\376\377\000s\000t\000a\000t\000s}{subsection.4.2.2}% 20
\BOOKMARK [1][-]{section.4.3}{\376\377\000A\000d\000a\000p\000t\000e\000r\000T\000r\000i\000m\000m\000i\000n\000g\000S\000t\000a\000t\000s\000\040\000S\000t\000r\000u\000c\000t\000\040\000R\000e\000f\000e\000r\000e\000n\000c\000e}{chapter.4}% 21
\BOOKMARK [2][-]{subsection.4.3.1}{\376\377\000D\000e\000t\000a\000i\000l\000e\000d\000\040\000D\000e\000s\000c\000r\000i\000p\000t\000i\000o\000n}{section.4.3}% 22
\BOOKMARK [2][-]{subsection.4.3.2}{\376\377\000M\000e\000m\000b\000e\000r\000\040\000D\000a\000t\000a\000\040\000D\000o\000c\000u\000m\000e\000n\000t\000a\000t\000i\000o\000n}{section.4.3}% 23
\BOOKMARK [3][-]{subsubsection.4.3.2.1}{\376\377\000a\0002\000c\000o\000u\000n\000t}{subsection.4.3.2}% 24
\BOOKMARK [3][-]{subsubsection.4.3.2.2}{\376\377\000m\000a\000x\000O\000v\000e\000r\000l\000a\000p}{subsection.4.3.2}% 25
\BOOKMARK [3][-]{subsubsection.4.3.2.3}{\376\377\000o\000v\000e\000r\000l\000a\000p\000S\000u\000m}{subsection.4.3.2}% 26
\BOOKMARK [1][-]{section.4.4}{\376\377\000A\000u\000t\000o\000\040\000S\000t\000r\000u\000c\000t\000\040\000R\000e\000f\000e\000r\000e\000n\000c\000e}{chapter.4}% 27
\BOOKMARK [2][-]{subsection.4.4.1}{\376\377\000D\000e\000t\000a\000i\000l\000e\000d\000\040\000D\000e\000s\000c\000r\000i\000p\000t\000i\000o\000n}{section.4.4}% 28
\BOOKMARK [1][-]{section.4.5}{\376\377\000B\000W\000A\000\040\000S\000t\000r\000u\000c\000t\000\040\000R\000e\000f\000e\000r\000e\000n\000c\000e}{chapter.4}% 29
\BOOKMARK [2][-]{subsection.4.5.1}{\376\377\000D\000e\000t\000a\000i\000l\000e\000d\000\040\000D\000e\000s\000c\000r\000i\000p\000t\000i\000o\000n}{section.4.5}% 30
\BOOKMARK [1][-]{section.4.6}{\376\377\000D\000e\000m\000u\000l\000t\000i\000p\000l\000e\000x\000i\000n\000g\000P\000a\000r\000a\000m\000s\000\040\000S\000t\000r\000u\000c\000t\000\040\000R\000e\000f\000e\000r\000e\000n\000c\000e}{chapter.4}% 31
\BOOKMARK [2][-]{subsection.4.6.1}{\376\377\000D\000e\000t\000a\000i\000l\000e\000d\000\040\000D\000e\000s\000c\000r\000i\000p\000t\000i\000o\000n}{section.4.6}% 32
\BOOKMARK [2][-]{subsection.4.6.2}{\376\377\000M\000e\000m\000b\000e\000r\000\040\000D\000a\000t\000a\000\040\000D\000o\000c\000u\000m\000e\000n\000t\000a\000t\000i\000o\000n}{section.4.6}% 33
\BOOKMARK [3][-]{subsubsection.4.6.2.1}{\376\377\000a\000p\000p\000r\000o\000x\000i\000m\000a\000t\000e}{subsection.4.6.2}% 34
\BOOKMARK [3][-]{subsubsection.4.6.2.2}{\376\377\000b\000a\000r\000c\000o\000d\000e\000F\000i\000l\000e}{subsection.4.6.2}% 35
\BOOKMARK [3][-]{subsubsection.4.6.2.3}{\376\377\000b\000a\000r\000c\000o\000d\000e\000I\000d\000s}{subsection.4.6.2}% 36
\BOOKMARK [3][-]{subsubsection.4.6.2.4}{\376\377\000b\000a\000r\000c\000o\000d\000e\000s}{subsection.4.6.2}% 37
\BOOKMARK [3][-]{subsubsection.4.6.2.5}{\376\377\000h\000a\000r\000d\000C\000l\000i\000p}{subsection.4.6.2}% 38
\BOOKMARK [3][-]{subsubsection.4.6.2.6}{\376\377\000m\000u\000l\000t\000i\000p\000l\000e\000x}{subsection.4.6.2}% 39
\BOOKMARK [3][-]{subsubsection.4.6.2.7}{\376\377\000m\000u\000l\000t\000i\000p\000l\000e\000x\000F\000i\000l\000e}{subsection.4.6.2}% 40
\BOOKMARK [3][-]{subsubsection.4.6.2.8}{\376\377\000r\000u\000n}{subsection.4.6.2}% 41
\BOOKMARK [3][-]{subsubsection.4.6.2.9}{\376\377\000r\000u\000n\000x}{subsection.4.6.2}% 42
\BOOKMARK [1][-]{section.4.7}{\376\377\000D\000n\000a\0005\000Q\000A\000d\000a\000p\000t\000e\000r\000\040\000S\000t\000r\000u\000c\000t\000\040\000R\000e\000f\000e\000r\000e\000n\000c\000e}{chapter.4}% 43
\BOOKMARK [2][-]{subsection.4.7.1}{\376\377\000D\000e\000t\000a\000i\000l\000e\000d\000\040\000D\000e\000s\000c\000r\000i\000p\000t\000i\000o\000n}{section.4.7}% 44
\BOOKMARK [2][-]{subsection.4.7.2}{\376\377\000M\000e\000m\000b\000e\000r\000\040\000D\000a\000t\000a\000\040\000D\000o\000c\000u\000m\000e\000n\000t\000a\000t\000i\000o\000n}{section.4.7}% 45
\BOOKMARK [3][-]{subsubsection.4.7.2.1}{\376\377\000q\000u\000a\000l}{subsection.4.7.2}% 46
\BOOKMARK [3][-]{subsubsection.4.7.2.2}{\376\377\000s\000e\000q}{subsection.4.7.2}% 47
\BOOKMARK [1][-]{section.4.8}{\376\377\000M\000e\000a\000n\000\040\000S\000t\000r\000u\000c\000t\000\040\000R\000e\000f\000e\000r\000e\000n\000c\000e}{chapter.4}% 48
\BOOKMARK [2][-]{subsection.4.8.1}{\376\377\000D\000e\000t\000a\000i\000l\000e\000d\000\040\000D\000e\000s\000c\000r\000i\000p\000t\000i\000o\000n}{section.4.8}% 49
\BOOKMARK [2][-]{subsection.4.8.2}{\376\377\000M\000e\000m\000b\000e\000r\000\040\000D\000a\000t\000a\000\040\000D\000o\000c\000u\000m\000e\000n\000t\000a\000t\000i\000o\000n}{section.4.8}% 50
\BOOKMARK [3][-]{subsubsection.4.8.2.1}{\376\377\000w\000i\000n\000d\000o\000w}{subsection.4.8.2}% 51
\BOOKMARK [1][-]{section.4.9}{\376\377\000M\000o\000d\000e\000\040\000S\000t\000r\000u\000c\000t\000\040\000R\000e\000f\000e\000r\000e\000n\000c\000e}{chapter.4}% 52
\BOOKMARK [2][-]{subsection.4.9.1}{\376\377\000D\000e\000t\000a\000i\000l\000e\000d\000\040\000D\000e\000s\000c\000r\000i\000p\000t\000i\000o\000n}{section.4.9}% 53
\BOOKMARK [1][-]{section.4.10}{\376\377\000O\000u\000t\000p\000u\000t\000S\000t\000r\000e\000a\000m\000s\000\040\000C\000l\000a\000s\000s\000\040\000R\000e\000f\000e\000r\000e\000n\000c\000e}{chapter.4}% 54
\BOOKMARK [2][-]{subsection.4.10.1}{\376\377\000D\000e\000t\000a\000i\000l\000e\000d\000\040\000D\000e\000s\000c\000r\000i\000p\000t\000i\000o\000n}{section.4.10}% 55
\BOOKMARK [2][-]{subsection.4.10.2}{\376\377\000M\000e\000m\000b\000e\000r\000\040\000F\000u\000n\000c\000t\000i\000o\000n\000\040\000D\000o\000c\000u\000m\000e\000n\000t\000a\000t\000i\000o\000n}{section.4.10}% 56
\BOOKMARK [3][-]{subsubsection.4.10.2.1}{\376\377\000a\000d\000d\000S\000t\000r\000e\000a\000m}{subsection.4.10.2}% 57
\BOOKMARK [3][-]{subsubsection.4.10.2.2}{\376\377\000a\000d\000d\000S\000t\000r\000e\000a\000m\000s}{subsection.4.10.2}% 58
\BOOKMARK [3][-]{subsubsection.4.10.2.3}{\376\377\000e\000x\000i\000s\000t\000s}{subsection.4.10.2}% 59
\BOOKMARK [3][-]{subsubsection.4.10.2.4}{\376\377\000u\000p\000d\000a\000t\000e\000S\000t\000r\000e\000a\000m\000s}{subsection.4.10.2}% 60
\BOOKMARK [3][-]{subsubsection.4.10.2.5}{\376\377\000w\000r\000i\000t\000e\000S\000e\000q\000s}{subsection.4.10.2}% 61
\BOOKMARK [3][-]{subsubsection.4.10.2.6}{\376\377\000w\000r\000i\000t\000e\000S\000e\000q\000s}{subsection.4.10.2}% 62
\BOOKMARK [1][-]{section.4.11}{\376\377\000Q\000u\000a\000l\000i\000t\000y\000T\000r\000i\000m\000m\000i\000n\000g\000P\000a\000r\000a\000m\000s\000\040\000S\000t\000r\000u\000c\000t\000\040\000R\000e\000f\000e\000r\000e\000n\000c\000e}{chapter.4}% 63
\BOOKMARK [2][-]{subsection.4.11.1}{\376\377\000D\000e\000t\000a\000i\000l\000e\000d\000\040\000D\000e\000s\000c\000r\000i\000p\000t\000i\000o\000n}{section.4.11}% 64
\BOOKMARK [2][-]{subsection.4.11.2}{\376\377\000M\000e\000m\000b\000e\000r\000\040\000D\000a\000t\000a\000\040\000D\000o\000c\000u\000m\000e\000n\000t\000a\000t\000i\000o\000n}{section.4.11}% 65
\BOOKMARK [3][-]{subsubsection.4.11.2.1}{\376\377\000c\000u\000t\000o\000f\000f}{subsection.4.11.2}% 66
\BOOKMARK [3][-]{subsubsection.4.11.2.2}{\376\377\000m\000i\000n\000\137\000l\000e\000n\000g\000t\000h}{subsection.4.11.2}% 67
\BOOKMARK [3][-]{subsubsection.4.11.2.3}{\376\377\000r\000u\000n}{subsection.4.11.2}% 68
\BOOKMARK [3][-]{subsubsection.4.11.2.4}{\376\377\000s\000t\000a\000t\000s}{subsection.4.11.2}% 69
\BOOKMARK [3][-]{subsubsection.4.11.2.5}{\376\377\000t\000r\000i\000m\000\137\000m\000o\000d\000e}{subsection.4.11.2}% 70
\BOOKMARK [1][-]{section.4.12}{\376\377\000Q\000u\000a\000l\000i\000t\000y\000T\000r\000i\000m\000m\000i\000n\000g\000S\000t\000a\000t\000s\000\040\000S\000t\000r\000u\000c\000t\000\040\000R\000e\000f\000e\000r\000e\000n\000c\000e}{chapter.4}% 71
\BOOKMARK [1][-]{section.4.13}{\376\377\000s\000e\000q\000a\000n\000:\000:\000S\000c\000o\000r\000i\000n\000g\000M\000a\000t\000r\000i\000x\000D\000a\000t\000a\000\137\000<\000\040\000i\000n\000t\000,\000\040\000D\000n\000a\0005\000,\000\040\000A\000d\000a\000p\000t\000e\000r\000S\000c\000o\000r\000i\000n\000g\000M\000a\000t\000r\000i\000x\000\040\000>\000\040\000S\000t\000r\000u\000c\000t\000\040\000T\000e\000m\000p\000l\000a\000t\000e\000\040\000R\000e\000f\000e\000r\000e\000n\000c\000e}{chapter.4}% 72
\BOOKMARK [2][-]{subsection.4.13.1}{\376\377\000D\000e\000t\000a\000i\000l\000e\000d\000\040\000D\000e\000s\000c\000r\000i\000p\000t\000i\000o\000n}{section.4.13}% 73
\BOOKMARK [1][-]{section.4.14}{\376\377\000S\000T\000R\000I\000N\000G\000\137\000R\000E\000V\000E\000R\000S\000E\000\137\000C\000O\000M\000P\000L\000E\000M\000E\000N\000T\000<\000\040\000T\000V\000a\000l\000u\000e\000\040\000>\000\040\000S\000t\000r\000u\000c\000t\000\040\000T\000e\000m\000p\000l\000a\000t\000e\000\040\000R\000e\000f\000e\000r\000e\000n\000c\000e}{chapter.4}% 74
\BOOKMARK [2][-]{subsection.4.14.1}{\376\377\000D\000e\000t\000a\000i\000l\000e\000d\000\040\000D\000e\000s\000c\000r\000i\000p\000t\000i\000o\000n}{section.4.14}% 75
\BOOKMARK [1][-]{section.4.15}{\376\377\000T\000a\000i\000l\000\040\000S\000t\000r\000u\000c\000t\000\040\000R\000e\000f\000e\000r\000e\000n\000c\000e}{chapter.4}% 76
\BOOKMARK [2][-]{subsection.4.15.1}{\376\377\000D\000e\000t\000a\000i\000l\000e\000d\000\040\000D\000e\000s\000c\000r\000i\000p\000t\000i\000o\000n}{section.4.15}% 77
\BOOKMARK [1][-]{section.4.16}{\376\377\000U\000s\000e\000r\000\040\000S\000t\000r\000u\000c\000t\000\040\000R\000e\000f\000e\000r\000e\000n\000c\000e}{chapter.4}% 78
\BOOKMARK [2][-]{subsection.4.16.1}{\376\377\000D\000e\000t\000a\000i\000l\000e\000d\000\040\000D\000e\000s\000c\000r\000i\000p\000t\000i\000o\000n}{section.4.16}% 79
\BOOKMARK [2][-]{subsection.4.16.2}{\376\377\000M\000e\000m\000b\000e\000r\000\040\000D\000a\000t\000a\000\040\000D\000o\000c\000u\000m\000e\000n\000t\000a\000t\000i\000o\000n}{section.4.16}% 80
\BOOKMARK [3][-]{subsubsection.4.16.2.1}{\376\377\000e\000r\000r\000o\000r\000s}{subsection.4.16.2}% 81
\BOOKMARK [3][-]{subsubsection.4.16.2.2}{\376\377\000m\000i\000n\000\137\000l\000e\000n\000g\000t\000h}{subsection.4.16.2}% 82
\BOOKMARK [0][-]{chapter.5}{\376\377\000F\000i\000l\000e\000\040\000D\000o\000c\000u\000m\000e\000n\000t\000a\000t\000i\000o\000n}{}% 83
\BOOKMARK [1][-]{section.5.1}{\376\377\000D\000:\000/\000S\000e\000q\000A\000n\000/\000D\000e\000v\000e\000l\000o\000p\000m\000e\000n\000t\000/\000s\000e\000q\000a\000n\000-\000t\000r\000u\000n\000k\000/\000s\000a\000n\000d\000b\000o\000x\000/\000m\000y\000\137\000s\000a\000n\000d\000b\000o\000x\000/\000a\000p\000p\000s\000/\000S\000e\000q\000D\000P\000T\000/\000a\000d\000a\000p\000t\000e\000r\000T\000r\000i\000m\000m\000i\000n\000g\000.\000h\000\040\000F\000i\000l\000e\000\040\000R\000e\000f\000e\000r\000e\000n\000c\000e}{chapter.5}% 84
\BOOKMARK [2][-]{subsection.5.1.1}{\376\377\000D\000e\000t\000a\000i\000l\000e\000d\000\040\000D\000e\000s\000c\000r\000i\000p\000t\000i\000o\000n}{section.5.1}% 85
\BOOKMARK [2][-]{subsection.5.1.2}{\376\377\000F\000u\000n\000c\000t\000i\000o\000n\000\040\000D\000o\000c\000u\000m\000e\000n\000t\000a\000t\000i\000o\000n}{section.5.1}% 86
\BOOKMARK [3][-]{subsubsection.5.1.2.1}{\376\377\000a\000l\000i\000g\000n\000A\000d\000a\000p\000t\000e\000r}{subsection.5.1.2}% 87
\BOOKMARK [3][-]{subsubsection.5.1.2.2}{\376\377\000a\000l\000i\000g\000n\000P\000a\000i\000r}{subsection.5.1.2}% 88
\BOOKMARK [3][-]{subsubsection.5.1.2.3}{\376\377\000c\000o\000u\000n\000t\000T\000o\000t\000a\000l\000G\000a\000p\000s}{subsection.5.1.2}% 89
\BOOKMARK [3][-]{subsubsection.5.1.2.4}{\376\377\000g\000e\000t\000I\000n\000s\000e\000r\000t\000S\000i\000z\000e}{subsection.5.1.2}% 90
\BOOKMARK [3][-]{subsubsection.5.1.2.5}{\376\377\000g\000e\000t\000O\000v\000e\000r\000l\000a\000p}{subsection.5.1.2}% 91
\BOOKMARK [3][-]{subsubsection.5.1.2.6}{\376\377\000i\000s\000M\000a\000t\000c\000h}{subsection.5.1.2}% 92
\BOOKMARK [3][-]{subsubsection.5.1.2.7}{\376\377\000i\000s\000M\000a\000t\000c\000h}{subsection.5.1.2}% 93
\BOOKMARK [3][-]{subsubsection.5.1.2.8}{\376\377\000s\000t\000r\000i\000p\000A\000d\000a\000p\000t\000e\000r}{subsection.5.1.2}% 94
\BOOKMARK [3][-]{subsubsection.5.1.2.9}{\376\377\000s\000t\000r\000i\000p\000A\000d\000a\000p\000t\000e\000r\000B\000a\000t\000c\000h}{subsection.5.1.2}% 95
\BOOKMARK [3][-]{subsubsection.5.1.2.10}{\376\377\000s\000t\000r\000i\000p\000P\000a\000i\000r}{subsection.5.1.2}% 96
\BOOKMARK [3][-]{subsubsection.5.1.2.11}{\376\377\000s\000t\000r\000i\000p\000P\000a\000i\000r}{subsection.5.1.2}% 97
\BOOKMARK [3][-]{subsubsection.5.1.2.12}{\376\377\000s\000t\000r\000i\000p\000P\000a\000i\000r\000B\000a\000t\000c\000h}{subsection.5.1.2}% 98
\BOOKMARK [3][-]{subsubsection.5.1.2.13}{\376\377\000s\000t\000r\000i\000p\000R\000e\000v\000e\000r\000s\000e\000A\000d\000a\000p\000t\000e\000r\000B\000a\000t\000c\000h}{subsection.5.1.2}% 99
\BOOKMARK [1][-]{section.5.2}{\376\377\000D\000:\000/\000S\000e\000q\000A\000n\000/\000D\000e\000v\000e\000l\000o\000p\000m\000e\000n\000t\000/\000s\000e\000q\000a\000n\000-\000t\000r\000u\000n\000k\000/\000s\000a\000n\000d\000b\000o\000x\000/\000m\000y\000\137\000s\000a\000n\000d\000b\000o\000x\000/\000a\000p\000p\000s\000/\000S\000e\000q\000D\000P\000T\000/\000d\000e\000m\000u\000l\000t\000i\000p\000l\000e\000x\000.\000h\000\040\000F\000i\000l\000e\000\040\000R\000e\000f\000e\000r\000e\000n\000c\000e}{chapter.5}% 100
\BOOKMARK [2][-]{subsection.5.2.1}{\376\377\000D\000e\000t\000a\000i\000l\000e\000d\000\040\000D\000e\000s\000c\000r\000i\000p\000t\000i\000o\000n}{section.5.2}% 101
\BOOKMARK [2][-]{subsection.5.2.2}{\376\377\000F\000u\000n\000c\000t\000i\000o\000n\000\040\000D\000o\000c\000u\000m\000e\000n\000t\000a\000t\000i\000o\000n}{section.5.2}% 102
\BOOKMARK [3][-]{subsubsection.5.2.2.1}{\376\377\000b\000u\000i\000l\000d\000S\000e\000t\000s}{subsection.5.2.2}% 103
\BOOKMARK [3][-]{subsubsection.5.2.2.2}{\376\377\000b\000u\000i\000l\000d\000S\000e\000t\000s}{subsection.5.2.2}% 104
\BOOKMARK [3][-]{subsubsection.5.2.2.3}{\376\377\000c\000h\000e\000c\000k}{subsection.5.2.2}% 105
\BOOKMARK [3][-]{subsubsection.5.2.2.4}{\376\377\000c\000h\000e\000c\000k}{subsection.5.2.2}% 106
\BOOKMARK [3][-]{subsubsection.5.2.2.5}{\376\377\000c\000l\000i\000p\000B\000a\000r\000c\000o\000d\000e\000s}{subsection.5.2.2}% 107
\BOOKMARK [3][-]{subsubsection.5.2.2.6}{\376\377\000c\000l\000i\000p\000B\000a\000r\000c\000o\000d\000e\000s}{subsection.5.2.2}% 108
\BOOKMARK [3][-]{subsubsection.5.2.2.7}{\376\377\000D\000o\000A\000l\000l}{subsection.5.2.2}% 109
\BOOKMARK [3][-]{subsubsection.5.2.2.8}{\376\377\000D\000o\000A\000l\000l}{subsection.5.2.2}% 110
\BOOKMARK [3][-]{subsubsection.5.2.2.9}{\376\377\000D\000o\000A\000l\000l}{subsection.5.2.2}% 111
\BOOKMARK [3][-]{subsubsection.5.2.2.10}{\376\377\000D\000o\000A\000l\000l}{subsection.5.2.2}% 112
\BOOKMARK [3][-]{subsubsection.5.2.2.11}{\376\377\000f\000i\000n\000d\000A\000l\000l\000A\000p\000p\000r\000o\000x}{subsection.5.2.2}% 113
\BOOKMARK [3][-]{subsubsection.5.2.2.12}{\376\377\000f\000i\000n\000d\000A\000l\000l\000E\000x\000a\000c\000t\000I\000n\000d\000e\000x}{subsection.5.2.2}% 114
\BOOKMARK [3][-]{subsubsection.5.2.2.13}{\376\377\000f\000i\000n\000d\000A\000p\000p\000r\000o\000x}{subsection.5.2.2}% 115
\BOOKMARK [3][-]{subsubsection.5.2.2.14}{\376\377\000f\000i\000n\000d\000E\000x\000a\000c\000t\000I\000n\000d\000e\000x}{subsection.5.2.2}% 116
\BOOKMARK [3][-]{subsubsection.5.2.2.15}{\376\377\000g\000e\000t\000P\000r\000e\000f\000i\000x}{subsection.5.2.2}% 117
\BOOKMARK [3][-]{subsubsection.5.2.2.16}{\376\377\000g\000r\000o\000u\000p}{subsection.5.2.2}% 118
\BOOKMARK [3][-]{subsubsection.5.2.2.17}{\376\377\000m\000a\000k\000e\000P\000a\000t\000t\000e\000r\000n\000s}{subsection.5.2.2}% 119
\BOOKMARK [3][-]{subsubsection.5.2.2.18}{\376\377\000r\000e\000s\000i\000z\000e\000G\000r\000o\000u\000p\000s}{subsection.5.2.2}% 120
\BOOKMARK [3][-]{subsubsection.5.2.2.19}{\376\377\000w\000r\000i\000t\000e\000G\000r\000o\000u\000p\000s}{subsection.5.2.2}% 121
\BOOKMARK [3][-]{subsubsection.5.2.2.20}{\376\377\000w\000r\000i\000t\000e\000G\000r\000o\000u\000p\000s}{subsection.5.2.2}% 122
\BOOKMARK [1][-]{section.5.3}{\376\377\000D\000:\000/\000S\000e\000q\000A\000n\000/\000D\000e\000v\000e\000l\000o\000p\000m\000e\000n\000t\000/\000s\000e\000q\000a\000n\000-\000t\000r\000u\000n\000k\000/\000s\000a\000n\000d\000b\000o\000x\000/\000m\000y\000\137\000s\000a\000n\000d\000b\000o\000x\000/\000a\000p\000p\000s\000/\000S\000e\000q\000D\000P\000T\000/\000r\000e\000a\000d\000T\000r\000i\000m\000m\000i\000n\000g\000.\000h\000\040\000F\000i\000l\000e\000\040\000R\000e\000f\000e\000r\000e\000n\000c\000e}{chapter.5}% 123
\BOOKMARK [2][-]{subsection.5.3.1}{\376\377\000D\000e\000t\000a\000i\000l\000e\000d\000\040\000D\000e\000s\000c\000r\000i\000p\000t\000i\000o\000n}{section.5.3}% 124
\BOOKMARK [2][-]{subsection.5.3.2}{\376\377\000F\000u\000n\000c\000t\000i\000o\000n\000\040\000D\000o\000c\000u\000m\000e\000n\000t\000a\000t\000i\000o\000n}{section.5.3}% 125
\BOOKMARK [3][-]{subsubsection.5.3.2.1}{\376\377\000\137\000t\000r\000i\000m\000R\000e\000a\000d}{subsection.5.3.2}% 126
\BOOKMARK [3][-]{subsubsection.5.3.2.2}{\376\377\000\137\000t\000r\000i\000m\000R\000e\000a\000d}{subsection.5.3.2}% 127
\BOOKMARK [3][-]{subsubsection.5.3.2.3}{\376\377\000\137\000t\000r\000i\000m\000R\000e\000a\000d}{subsection.5.3.2}% 128
\BOOKMARK [3][-]{subsubsection.5.3.2.4}{\376\377\000\137\000t\000r\000i\000m\000R\000e\000a\000d\000s}{subsection.5.3.2}% 129
\BOOKMARK [3][-]{subsubsection.5.3.2.5}{\376\377\000d\000r\000o\000p\000R\000e\000a\000d\000s}{subsection.5.3.2}% 130
\BOOKMARK [3][-]{subsubsection.5.3.2.6}{\376\377\000d\000r\000o\000p\000R\000e\000a\000d\000s}{subsection.5.3.2}% 131
\BOOKMARK [3][-]{subsubsection.5.3.2.7}{\376\377\000g\000e\000t\000Q\000u\000a\000l\000i\000t\000y}{subsection.5.3.2}% 132
\BOOKMARK [3][-]{subsubsection.5.3.2.8}{\376\377\000g\000e\000t\000Q\000u\000a\000l\000i\000t\000y}{subsection.5.3.2}% 133
\BOOKMARK [3][-]{subsubsection.5.3.2.9}{\376\377\000r\000e\000m\000o\000v\000e\000V\000a\000l\000u\000e\000s}{subsection.5.3.2}% 134
\BOOKMARK [3][-]{subsubsection.5.3.2.10}{\376\377\000t\000r\000i\000m\000B\000a\000t\000c\000h}{subsection.5.3.2}% 135
\BOOKMARK [3][-]{subsubsection.5.3.2.11}{\376\377\000t\000r\000i\000m\000P\000a\000i\000r\000B\000a\000t\000c\000h}{subsection.5.3.2}% 136
\BOOKMARK [3][-]{subsubsection.5.3.2.12}{\376\377\000t\000r\000i\000m\000R\000e\000a\000d}{subsection.5.3.2}% 137
\BOOKMARK [3][-]{subsubsection.5.3.2.13}{\376\377\000t\000r\000i\000m\000R\000e\000a\000d}{subsection.5.3.2}% 138
\BOOKMARK [-1][-]{table.5.46}{\376\377\000I\000n\000d\000e\000x}{}% 139
